<?xml version="1.0" encoding="UTF-8"?>
<testng-results ignored="0" total="1" passed="1" failed="0" skipped="0">
  <reporter-output>
  </reporter-output>
  <suite started-at="2024-08-30T17:33:43 IST" name="Default suite" finished-at="2024-08-30T17:33:56 IST" duration-ms="12591">
    <groups>
    </groups>
    <test started-at="2024-08-30T17:33:43 IST" name="Default test" finished-at="2024-08-30T17:33:56 IST" duration-ms="12591">
      <class name="javalearning.SonyScript">
        <test-method signature="test1()[pri:0, instance:javalearning.SonyScript@1c5920df]" started-at="2024-08-30T17:33:43 IST" name="test1" finished-at="2024-08-30T17:33:56 IST" duration-ms="12517" status="PASS">
          <reporter-output>
          </reporter-output>
        </test-method> <!-- test1 -->
      </class> <!-- javalearning.SonyScript -->
    </test> <!-- Default test -->
  </suite> <!-- Default suite -->
</testng-results>
